<?xml version="1.0" encoding="UTF-8"?>
<!-- Generated by org.testng.reporters.JUnitXMLReporter -->
<testsuite hostname="PUN-RRODE01" ignored="0" name="Dependecny Test" tests="7" failures="2" timestamp="2020-08-04T19:05:36 IST" time="0.078" errors="0">
  <testcase name="doLogin" time="0.008" classname="testcases.TestCase1"/>
  <testcase name="doUserReg" time="0.001" classname="testcases.TestCase1"/>
  <testcase name="validateTitles" time="0.005" classname="testcases.TestCase2">
    <failure type="java.lang.AssertionError" message="The following asserts failed:
	Title does not match expected [gmail.com] but found [yahoo.com],
	Text does not match expected [false] but found [true]">
      <![CDATA[java.lang.AssertionError: The following asserts failed:
Title does not match expected [gmail.com] but found [yahoo.com],
Text does not match expected [false] but found [true]
at testcases.TestCase2.validateTitles(TestCase2.java:52)
at java.util.ArrayList.forEach(ArrayList.java:1257)
... Removed 29 stack frames]]>
    </failure>
  </testcase> <!-- validateTitles -->
  <testcase name="doUserReg" time="0.002" classname="testcases.TestCase3">
    <failure type="java.lang.AssertionError" message="null">
      <![CDATA[java.lang.AssertionError: null
at testcases.TestCase3.doUserReg(TestCase3.java:12)
at java.util.ArrayList.forEach(ArrayList.java:1257)
... Removed 29 stack frames]]>
    </failure>
  </testcase> <!-- doUserReg -->
  <testcase name="doLogin" time="0.0" classname="testcases.TestCase3">
    <skipped/>
  </testcase> <!-- doLogin -->
  <testcase name="thirdTest" time="0.014" classname="testcases.TestCase3">
    <skipped/>
  </testcase> <!-- thirdTest -->
  <testcase name="fourthTest" time="0.003" classname="testcases.TestCase3"/>
</testsuite> <!-- Dependecny Test -->
