<?xml version="1.0" encoding="UTF-8"?>
<!-- Generated by org.testng.reporters.JUnitXMLReporter -->
<testsuite hostname="PUN-RRODE01" ignored="0" name="Validate Title" tests="1" failures="1" timestamp="2020-08-04T20:20:53 IST" time="0.051" errors="0">
  <testcase name="validateTitles" time="0.032" classname="testcases.TestCase2">
    <failure type="java.lang.AssertionError" message="The following asserts failed:
	Title does not match expected [gmail.com] but found [yahoo.com],
	Text does not match expected [false] but found [true]">
      <![CDATA[java.lang.AssertionError: The following asserts failed:
Title does not match expected [gmail.com] but found [yahoo.com],
Text does not match expected [false] but found [true]
at testcases.TestCase2.validateTitles(TestCase2.java:52)
at java.util.ArrayList.forEach(ArrayList.java:1257)
... Removed 29 stack frames]]>
    </failure>
  </testcase> <!-- validateTitles -->
</testsuite> <!-- Validate Title -->
