<?xml version="1.0" encoding="UTF-8"?>
<!-- Generated by org.testng.reporters.JUnitXMLReporter -->
<testsuite hostname="PUN-RRODE01" ignored="0" name="Test" tests="4" failures="1" timestamp="09 Sep 2020 03:20:06 GMT" time="0.087" errors="0">
  <testcase name="doLogin" time="0.015" classname="com.sample.test.TestLogin"/>
  <testcase name="registeredUsers" time="0.005" classname="com.sample.test.TestLogin">
    <skipped/>
  </testcase> <!-- registeredUsers -->
  <testcase name="registeredUsers" time="0.003" classname="com.sample.test.TestLogin">
    <skipped/>
  </testcase> <!-- registeredUsers -->
  <testcase name="registeredUsers" time="0.004" classname="com.sample.test.TestLogin">
    <failure type="java.lang.AssertionError" message="Execution failed while registering a user">
      <![CDATA[java.lang.AssertionError: Execution failed while registering a user
at com.sample.test.TestLogin.registeredUsers(TestLogin.java:19)
... Removed 26 stack frames]]>
    </failure>
  </testcase> <!-- registeredUsers -->
</testsuite> <!-- Test -->
