<?xml version="1.0" encoding="UTF-8"?>
<!-- Generated by org.testng.reporters.JUnitXMLReporter -->
<testsuite hostname="PUN-RRODE01" ignored="0" name="Validate Titles" tests="1" failures="1" timestamp="2020-08-29T14:37:03 IST" time="0.075" errors="0">
  <testcase name="validateTitles" time="0.017" classname="regression.TestCase2">
    <failure type="java.lang.AssertionError" message="The following asserts failed:
	Title does not match expected [gmail.com] but found [yahoo.com],
	Text does not match expected [false] but found [true]">
      <![CDATA[java.lang.AssertionError: The following asserts failed:
Title does not match expected [gmail.com] but found [yahoo.com],
Text does not match expected [false] but found [true]
at regression.TestCase2.validateTitles(TestCase2.java:51)
at java.util.ArrayList.forEach(ArrayList.java:1257)
... Removed 29 stack frames]]>
    </failure>
  </testcase> <!-- validateTitles -->
</testsuite> <!-- Validate Titles -->
